<?xml version="1.0" encoding="UTF-8"?>
<!-- Generated by org.testng.reporters.JUnitReportReporter -->
<testsuite hostname="DESKTOP-6NG0V0J" failures="0" tests="1" name="scriptsContacts.TC_14_Delete_Particular_Contact" time="170.549" errors="0" timestamp="2021-10-08T11:35:16 IST" skipped="0">
  <testcase classname="scriptsContacts.TC_14_Delete_Particular_Contact" name="Delete_Particular_Contact" time="170.549"/>
  <system-out/>
</testsuite> <!-- scriptsContacts.TC_14_Delete_Particular_Contact -->
