<?xml version="1.0" encoding="UTF-8"?>
<!-- Generated by org.testng.reporters.JUnitReportReporter -->
<testsuite hostname="DESKTOP-6NG0V0J" failures="0" tests="2" name="scriptsContacts.TC_12_createcontact_and_select_assignedTo_Group_as_a_Teamselling_Group" time="74.346" errors="0" timestamp="2021-10-08T16:57:49 IST" skipped="0">
  <testcase classname="scriptsContacts.TC_12_createcontact_and_select_assignedTo_Group_as_a_Teamselling_Group" name="createcontact_and_select_assignedTo_Group_as_a_Support_Group" time="32.126"/>
  <system-out/>
  <testcase classname="scriptsContacts.TC_12_createcontact_and_select_assignedTo_Group_as_a_Teamselling_Group" name="createcontact_and_select_assignedTo_Group_as_a_Support_Group" time="42.220"/>
  <system-out/>
</testsuite> <!-- scriptsContacts.TC_12_createcontact_and_select_assignedTo_Group_as_a_Teamselling_Group -->
