<?xml version="1.0" encoding="UTF-8"?>
<!-- Generated by org.testng.reporters.JUnitReportReporter -->
<testsuite hostname="DESKTOP-6NG0V0J" failures="0" tests="1" name="scriptsContacts.TC_01_05" time="142.367" errors="0" timestamp="2021-10-02T15:46:45 IST" skipped="0">
  <testcase classname="scriptsContacts.TC_01_05" name="tc_02_select_atleast_one_existing_organisation" time="142.367"/>
  <system-out/>
</testsuite> <!-- scriptsContacts.TC_01_05 -->
