<?xml version="1.0" encoding="UTF-8"?>
<!-- Generated by org.testng.reporters.JUnitReportReporter -->
<testsuite hostname="DESKTOP-6NG0V0J" failures="0" tests="1" name="Practice.HiddenMessage" time="45.217" errors="0" timestamp="2021-10-12T17:17:47 IST" skipped="0">
  <testcase classname="Practice.HiddenMessage" name="hiddenMessage" time="45.217"/>
  <system-out/>
</testsuite> <!-- Practice.HiddenMessage -->
