<?xml version="1.0" encoding="UTF-8"?>
<!-- Generated by org.testng.reporters.JUnitReportReporter -->
<testsuite hostname="DESKTOP-6NG0V0J" failures="0" tests="1" name="scriptsContacts.TC_01_create_contact_without_mandatory_fields" time="42.919" errors="0" timestamp="2021-10-02T13:19:33 IST" skipped="0">
  <testcase classname="scriptsContacts.TC_01_create_contact_without_mandatory_fields" name="create_contact_without_mandatory_fields" time="42.919"/>
  <system-out/>
</testsuite> <!-- scriptsContacts.TC_01_create_contact_without_mandatory_fields -->
