<?xml version="1.0" encoding="UTF-8"?>
<!-- Generated by org.testng.reporters.JUnitReportReporter -->
<testsuite hostname="DESKTOP-6NG0V0J" failures="0" tests="1" name="scriptsContacts.TC_11_createcontact_and_select_assignedTo_Group_as_a_Teamselling_Group" time="28.314" errors="0" timestamp="2021-10-01T10:55:40 IST" skipped="0">
  <testcase classname="scriptsContacts.TC_11_createcontact_and_select_assignedTo_Group_as_a_Teamselling_Group" name="createcontact_and_select_assignedTo_Group_as_a_Support_Group" time="28.314"/>
  <system-out/>
</testsuite> <!-- scriptsContacts.TC_11_createcontact_and_select_assignedTo_Group_as_a_Teamselling_Group -->
