<?xml version="1.0" encoding="UTF-8"?>
<!-- Generated by org.testng.reporters.JUnitReportReporter -->
<testsuite hostname="DESKTOP-6NG0V0J" failures="0" tests="1" name="scriptsContacts.TC_11_createcontact_while_erasing_reports_while_selecting_on_clear_image" time="51.553" errors="0" timestamp="2021-10-01T10:41:07 IST" skipped="0">
  <testcase classname="scriptsContacts.TC_11_createcontact_while_erasing_reports_while_selecting_on_clear_image" name="createcontact_while_erasing_reports_while_selecting_on_clear_image" time="51.553"/>
  <system-out/>
</testsuite> <!-- scriptsContacts.TC_11_createcontact_while_erasing_reports_while_selecting_on_clear_image -->
