<?xml version="1.0" encoding="UTF-8"?>
<!-- Generated by org.testng.reporters.JUnitReportReporter -->
<testsuite hostname="DESKTOP-6NG0V0J" failures="0" tests="1" name="AmazonLinks.ListnerImplementation" time="17.022" errors="0" timestamp="2021-09-07T10:21:14 IST" skipped="0">
  <testcase classname="AmazonLinks.ListnerImplementation" name="screenShotTest" time="17.022"/>
  <system-out/>
</testsuite> <!-- AmazonLinks.ListnerImplementation -->
