<?xml version="1.0" encoding="UTF-8"?>
<!-- Generated by org.testng.reporters.JUnitReportReporter -->
<testsuite hostname="DESKTOP-6NG0V0J" failures="0" tests="1" name="AmazonLinks.testScreenShot" time="25.012" errors="0" timestamp="2021-09-07T10:24:36 IST" skipped="0">
  <testcase classname="AmazonLinks.testScreenShot" name="screenShotTest" time="25.012"/>
  <system-out/>
</testsuite> <!-- AmazonLinks.testScreenShot -->
