<?xml version="1.0" encoding="UTF-8"?>
<!-- Generated by org.testng.reporters.JUnitReportReporter -->
<testsuite hostname="DESKTOP-6NG0V0J" failures="0" tests="1" name="com.actitime.testScript.CustomerModule" time="0.013" errors="0" timestamp="2021-09-16T19:24:16 IST" skipped="0">
  <testcase classname="com.actitime.testScript.CustomerModule" name="CreateCustomer" time="0.013"/>
  <system-out>
    <![CDATA[Create Customer]]>
  </system-out>
</testsuite> <!-- com.actitime.testScript.CustomerModule -->
